Arguments: 
  /usr/local/bin/node /mnt/c/Program Files/nodejs/node_modules/yarn/bin/yarn.js create react-app frontend

PATH: 
  /home/yuxiang/.pyenv/shims:/home/yuxiang/.pyenv/bin:~/mnt/c/Users/Evan/anaconda3/bin:/home/yuxiang/.local/bin:/usr/local/sbin:/usr/local/bin:/usr/sbin:/usr/bin:/sbin:/bin:/usr/games:/usr/local/games:/mnt/c/Program Files (x86)/Intel/iCLS Client/:/mnt/c/Program Files/Intel/iCLS Client/:/mnt/c/Windows/system32:/mnt/c/Windows:/mnt/c/Windows/System32/Wbem:/mnt/c/Windows/System32/WindowsPowerShell/v1.0/:/mnt/c/Program Files (x86)/Intel/Intel(R) Management Engine Components/DAL:/mnt/c/Program Files/Intel/Intel(R) Management Engine Components/DAL:/mnt/c/Program Files (x86)/Intel/Intel(R) Management Engine Components/IPT:/mnt/c/Program Files/Intel/Intel(R) Management Engine Components/IPT:/mnt/c/WINDOWS/system32:/mnt/c/WINDOWS:/mnt/c/WINDOWS/System32/Wbem:/mnt/c/WINDOWS/System32/WindowsPowerShell/v1.0/:/mnt/c/WINDOWS/System32/OpenSSH/:/mnt/c/Program Files/Intel/WiFi/bin/:/mnt/c/Program Files/Common Files/Intel/WirelessCommon/:/mnt/c/Program Files/dotnet/:/mnt/c/Program Files (x86)/Windows Kits/8.1/Windows Performance Toolkit/:/mnt/c/msys64/usr/bin:/mnt/c/msys64/usr/local/bin:/mnt/c/Program Files/Git/cmd:/mnt/c/Users/Evan/AppData/Roaming/nvm:/mnt/c/Program Files/nodejs:/mnt/c/Program Files (x86)/Pulse Secure/VC142.CRT/X64/:/mnt/c/Program Files (x86)/Pulse Secure/VC142.CRT/X86/:/mnt/c/Program Files/Microsoft SQL Server/150/Tools/Binn/:/mnt/c/Program Files (x86)/dotnet/:/mnt/c/Users/Evan/Desktop/UniServerZ/core/php80:/mnt/c/ProgramData/ComposerSetup/bin:/mnt/c/Users/晏如/AppData/Local/Programs/Python/Python37/Scripts/:/mnt/c/Users/晏如/AppData/Local/Programs/Python/Python37/:/mnt/c/Users/Evan/AppData/Local/Microsoft/WindowsApps:/mnt/c/Users/Evan/AppData/Roaming/nvm:/mnt/c/Program Files/nodejs:/mnt/c/Users/Evan/AppData/Local/Programs/Microsoft VS Code/bin:/mnt/c/Users/Evan/.dotnet/tools:/mnt/c/Users/Evan/AppData/Roaming/Composer/vendor/bin

Yarn version: 
  1.22.10

Node version: 
  16.13.2

Platform: 
  linux x64

Trace: 
  SyntaxError: /mnt/c/Users/Evan/Desktop/SDM/project/package.json: Unexpected string in JSON at position 88
      at JSON.parse (<anonymous>)
      at /mnt/c/Users/Evan/AppData/Roaming/nvm/v14.9.0/node_modules/yarn/lib/cli.js:1625:59
      at Generator.next (<anonymous>)
      at step (/mnt/c/Users/Evan/AppData/Roaming/nvm/v14.9.0/node_modules/yarn/lib/cli.js:310:30)
      at /mnt/c/Users/Evan/AppData/Roaming/nvm/v14.9.0/node_modules/yarn/lib/cli.js:321:13

npm manifest: 
  {
    "name": "project",
    "version": "1.0.0",
    "main": "index.js",
    "license": "MIT"
    "scripts": {
      "start": "cd frontend && yarn start",
      "server": "cd backend && yarn server"
    }
  }

yarn manifest: 
  No manifest

Lockfile: 
  # THIS IS AN AUTOGENERATED FILE. DO NOT EDIT THIS FILE DIRECTLY.
  # yarn lockfile v1
